TimeQuest Timing Analyzer report for Example
Fri Oct 25 16:53:20 2013
Quartus II 64-Bit Version 13.0.0 Build 156 04/24/2013 SJ Web Edition


---------------------
; Table of Contents ;
---------------------
  1. Legal Notice
  2. TimeQuest Timing Analyzer Summary
  3. Parallel Compilation
  4. SDC File List
  5. Clocks
  6. Slow 1200mV 85C Model Fmax Summary
  7. Timing Closure Recommendations
  8. Slow 1200mV 85C Model Setup Summary
  9. Slow 1200mV 85C Model Hold Summary
 10. Slow 1200mV 85C Model Recovery Summary
 11. Slow 1200mV 85C Model Removal Summary
 12. Slow 1200mV 85C Model Minimum Pulse Width Summary
 13. Propagation Delay
 14. Minimum Propagation Delay
 15. Slow 1200mV 85C Model Metastability Report
 16. Slow 1200mV 0C Model Fmax Summary
 17. Slow 1200mV 0C Model Setup Summary
 18. Slow 1200mV 0C Model Hold Summary
 19. Slow 1200mV 0C Model Recovery Summary
 20. Slow 1200mV 0C Model Removal Summary
 21. Slow 1200mV 0C Model Minimum Pulse Width Summary
 22. Propagation Delay
 23. Minimum Propagation Delay
 24. Slow 1200mV 0C Model Metastability Report
 25. Fast 1200mV 0C Model Setup Summary
 26. Fast 1200mV 0C Model Hold Summary
 27. Fast 1200mV 0C Model Recovery Summary
 28. Fast 1200mV 0C Model Removal Summary
 29. Fast 1200mV 0C Model Minimum Pulse Width Summary
 30. Propagation Delay
 31. Minimum Propagation Delay
 32. Fast 1200mV 0C Model Metastability Report
 33. Multicorner Timing Analysis Summary
 34. Progagation Delay
 35. Minimum Progagation Delay
 36. Board Trace Model Assignments
 37. Input Transition Times
 38. Slow Corner Signal Integrity Metrics
 39. Fast Corner Signal Integrity Metrics
 40. Clock Transfers
 41. Report TCCS
 42. Report RSKM
 43. Unconstrained Paths
 44. TimeQuest Timing Analyzer Messages



----------------
; Legal Notice ;
----------------
Copyright (C) 1991-2013 Altera Corporation
Your use of Altera Corporation's design tools, logic functions 
and other software and tools, and its AMPP partner logic 
functions, and any output files from any of the foregoing 
(including device programming or simulation files), and any 
associated documentation or information are expressly subject 
to the terms and conditions of the Altera Program License 
Subscription Agreement, Altera MegaCore Function License 
Agreement, or other applicable license agreement, including, 
without limitation, that your use is for the sole purpose of 
programming logic devices manufactured by Altera and sold by 
Altera or its authorized distributors.  Please refer to the 
applicable agreement for further details.



+-------------------------------------------------------------------------+
; TimeQuest Timing Analyzer Summary                                       ;
+--------------------+----------------------------------------------------+
; Quartus II Version ; Version 13.0.0 Build 156 04/24/2013 SJ Web Edition ;
; Revision Name      ; Example                                            ;
; Device Family      ; Cyclone III                                        ;
; Device Name        ; EP3C16F484C6                                       ;
; Timing Models      ; Final                                              ;
; Delay Model        ; Combined                                           ;
; Rise/Fall Delays   ; Enabled                                            ;
+--------------------+----------------------------------------------------+


Parallel compilation was disabled, but you have multiple processors available. Enable parallel compilation to reduce compilation time.
+-------------------------------------+
; Parallel Compilation                ;
+----------------------------+--------+
; Processors                 ; Number ;
+----------------------------+--------+
; Number detected on machine ; 4      ;
; Maximum allowed            ; 1      ;
+----------------------------+--------+


+---------------------------------------------------+
; SDC File List                                     ;
+---------------+--------+--------------------------+
; SDC File Path ; Status ; Read at                  ;
+---------------+--------+--------------------------+
; Example.sdc   ; OK     ; Fri Oct 25 16:53:19 2013 ;
+---------------+--------+--------------------------+


----------
; Clocks ;
----------
No clocks to report.


--------------------------------------
; Slow 1200mV 85C Model Fmax Summary ;
--------------------------------------
No paths to report.


----------------------------------
; Timing Closure Recommendations ;
----------------------------------
HTML report is unavailable in plain text report export.


---------------------------------------
; Slow 1200mV 85C Model Setup Summary ;
---------------------------------------
No paths to report.


--------------------------------------
; Slow 1200mV 85C Model Hold Summary ;
--------------------------------------
No paths to report.


------------------------------------------
; Slow 1200mV 85C Model Recovery Summary ;
------------------------------------------
No paths to report.


-----------------------------------------
; Slow 1200mV 85C Model Removal Summary ;
-----------------------------------------
No paths to report.


-----------------------------------------------------
; Slow 1200mV 85C Model Minimum Pulse Width Summary ;
-----------------------------------------------------
No paths to report.


+----------------------------------------------------------+
; Propagation Delay                                        ;
+------------+-------------+-------+-------+-------+-------+
; Input Port ; Output Port ; RR    ; RF    ; FR    ; FF    ;
+------------+-------------+-------+-------+-------+-------+
; sw1[0]     ; cc[1]       ; 8.573 ; 8.663 ; 8.977 ; 9.081 ;
; sw1[0]     ; cc[2]       ; 7.959 ; 7.905 ; 8.363 ; 8.309 ;
; sw1[0]     ; cc[3]       ; 8.459 ; 8.398 ; 8.863 ; 8.802 ;
; sw1[0]     ; cc[4]       ; 7.780 ; 7.742 ; 8.184 ; 8.146 ;
; sw1[0]     ; cc[5]       ; 8.669 ; 8.620 ; 9.073 ; 9.024 ;
; sw1[0]     ; cc[7]       ; 7.713 ; 7.675 ; 8.117 ; 8.079 ;
; sw1[1]     ; cc[1]       ; 7.945 ; 8.080 ; 8.340 ; 8.484 ;
; sw1[1]     ; cc[2]       ; 7.371 ; 7.278 ; 7.766 ; 7.673 ;
; sw1[1]     ; cc[3]       ; 7.870 ; 7.770 ; 8.265 ; 8.165 ;
; sw1[1]     ; cc[4]       ; 7.192 ; 7.115 ; 7.587 ; 7.510 ;
; sw1[1]     ; cc[5]       ; 8.081 ; 7.993 ; 8.476 ; 8.388 ;
; sw1[1]     ; cc[7]       ; 7.125 ; 7.048 ; 7.520 ; 7.443 ;
; sw1[2]     ; cc[1]       ; 7.969 ; 8.045 ; 8.369 ; 8.454 ;
; sw1[2]     ; cc[2]       ; 7.339 ; 7.281 ; 7.739 ; 7.681 ;
; sw1[2]     ; cc[3]       ; 7.896 ; 7.783 ; 8.296 ; 8.183 ;
; sw1[2]     ; cc[4]       ; 7.216 ; 7.126 ; 7.616 ; 7.526 ;
; sw1[2]     ; cc[5]       ; 8.086 ; 8.021 ; 8.486 ; 8.421 ;
; sw1[2]     ; cc[7]       ; 7.149 ; 7.059 ; 7.549 ; 7.459 ;
; sw1[3]     ; cc[1]       ; 8.416 ; 8.483 ; 8.856 ; 8.891 ;
; sw1[3]     ; cc[2]       ; 7.785 ; 7.736 ; 8.225 ; 8.176 ;
; sw1[3]     ; cc[3]       ; 8.331 ; 8.228 ; 8.771 ; 8.668 ;
; sw1[3]     ; cc[4]       ; 7.653 ; 7.573 ; 8.093 ; 8.013 ;
; sw1[3]     ; cc[5]       ; 8.524 ; 8.466 ; 8.964 ; 8.906 ;
; sw1[3]     ; cc[7]       ; 7.586 ; 7.506 ; 8.026 ; 7.946 ;
; sw2[0]     ; cc[1]       ; 8.348 ; 8.468 ; 8.768 ; 8.856 ;
; sw2[0]     ; cc[2]       ; 7.734 ; 7.680 ; 8.154 ; 8.100 ;
; sw2[0]     ; cc[3]       ; 8.234 ; 8.173 ; 8.654 ; 8.593 ;
; sw2[0]     ; cc[4]       ; 7.555 ; 7.517 ; 7.975 ; 7.937 ;
; sw2[0]     ; cc[5]       ; 8.444 ; 8.395 ; 8.864 ; 8.815 ;
; sw2[0]     ; cc[7]       ; 7.488 ; 7.450 ; 7.908 ; 7.870 ;
; sw2[1]     ; cc[1]       ; 8.210 ; 8.358 ; 8.679 ; 8.771 ;
; sw2[1]     ; cc[2]       ; 7.636 ; 7.543 ; 8.105 ; 8.012 ;
; sw2[1]     ; cc[3]       ; 8.135 ; 8.035 ; 8.604 ; 8.504 ;
; sw2[1]     ; cc[4]       ; 7.457 ; 7.380 ; 7.926 ; 7.849 ;
; sw2[1]     ; cc[5]       ; 8.346 ; 8.258 ; 8.815 ; 8.727 ;
; sw2[1]     ; cc[7]       ; 7.390 ; 7.313 ; 7.859 ; 7.782 ;
; sw2[2]     ; cc[1]       ; 8.204 ; 8.296 ; 8.669 ; 8.693 ;
; sw2[2]     ; cc[2]       ; 7.574 ; 7.516 ; 8.039 ; 7.981 ;
; sw2[2]     ; cc[3]       ; 8.131 ; 8.023 ; 8.596 ; 8.483 ;
; sw2[2]     ; cc[4]       ; 7.451 ; 7.365 ; 7.916 ; 7.826 ;
; sw2[2]     ; cc[5]       ; 8.321 ; 8.256 ; 8.786 ; 8.721 ;
; sw2[2]     ; cc[7]       ; 7.384 ; 7.298 ; 7.849 ; 7.759 ;
; sw2[3]     ; cc[1]       ; 8.531 ; 8.572 ; 8.941 ; 8.985 ;
; sw2[3]     ; cc[2]       ; 7.900 ; 7.851 ; 8.310 ; 8.261 ;
; sw2[3]     ; cc[3]       ; 8.446 ; 8.343 ; 8.856 ; 8.753 ;
; sw2[3]     ; cc[4]       ; 7.768 ; 7.688 ; 8.178 ; 8.098 ;
; sw2[3]     ; cc[5]       ; 8.639 ; 8.581 ; 9.049 ; 8.991 ;
; sw2[3]     ; cc[7]       ; 7.701 ; 7.621 ; 8.111 ; 8.031 ;
+------------+-------------+-------+-------+-------+-------+


+----------------------------------------------------------+
; Minimum Propagation Delay                                ;
+------------+-------------+-------+-------+-------+-------+
; Input Port ; Output Port ; RR    ; RF    ; FR    ; FF    ;
+------------+-------------+-------+-------+-------+-------+
; sw1[0]     ; cc[1]       ; 8.265 ; 8.356 ; 8.641 ; 8.762 ;
; sw1[0]     ; cc[2]       ; 7.653 ; 7.565 ; 8.057 ; 7.971 ;
; sw1[0]     ; cc[3]       ; 8.132 ; 8.036 ; 8.537 ; 8.442 ;
; sw1[0]     ; cc[4]       ; 7.481 ; 7.407 ; 7.886 ; 7.813 ;
; sw1[0]     ; cc[5]       ; 8.334 ; 8.251 ; 8.738 ; 8.657 ;
; sw1[0]     ; cc[7]       ; 7.415 ; 7.343 ; 7.820 ; 7.749 ;
; sw1[1]     ; cc[1]       ; 7.726 ; 7.861 ; 8.110 ; 8.254 ;
; sw1[1]     ; cc[2]       ; 7.156 ; 7.069 ; 7.549 ; 7.462 ;
; sw1[1]     ; cc[3]       ; 7.637 ; 7.543 ; 8.030 ; 7.936 ;
; sw1[1]     ; cc[4]       ; 6.985 ; 6.913 ; 7.378 ; 7.306 ;
; sw1[1]     ; cc[5]       ; 7.838 ; 7.757 ; 8.231 ; 8.150 ;
; sw1[1]     ; cc[7]       ; 6.919 ; 6.849 ; 7.312 ; 7.242 ;
; sw1[2]     ; cc[1]       ; 7.670 ; 7.787 ; 8.058 ; 8.184 ;
; sw1[2]     ; cc[2]       ; 7.134 ; 7.035 ; 7.531 ; 7.432 ;
; sw1[2]     ; cc[3]       ; 7.559 ; 7.492 ; 7.956 ; 7.889 ;
; sw1[2]     ; cc[4]       ; 6.908 ; 6.861 ; 7.305 ; 7.258 ;
; sw1[2]     ; cc[5]       ; 7.768 ; 7.701 ; 8.165 ; 8.098 ;
; sw1[2]     ; cc[7]       ; 6.842 ; 6.797 ; 7.239 ; 7.194 ;
; sw1[3]     ; cc[1]       ; 8.099 ; 8.208 ; 8.528 ; 8.606 ;
; sw1[3]     ; cc[2]       ; 7.555 ; 7.453 ; 7.953 ; 7.851 ;
; sw1[3]     ; cc[3]       ; 7.973 ; 7.907 ; 8.371 ; 8.305 ;
; sw1[3]     ; cc[4]       ; 7.322 ; 7.277 ; 7.720 ; 7.675 ;
; sw1[3]     ; cc[5]       ; 8.187 ; 8.113 ; 8.585 ; 8.511 ;
; sw1[3]     ; cc[7]       ; 7.256 ; 7.213 ; 7.654 ; 7.611 ;
; sw2[0]     ; cc[1]       ; 8.110 ; 8.228 ; 8.519 ; 8.606 ;
; sw2[0]     ; cc[2]       ; 7.525 ; 7.437 ; 7.903 ; 7.815 ;
; sw2[0]     ; cc[3]       ; 8.004 ; 7.908 ; 8.382 ; 8.286 ;
; sw2[0]     ; cc[4]       ; 7.353 ; 7.279 ; 7.731 ; 7.657 ;
; sw2[0]     ; cc[5]       ; 8.206 ; 8.123 ; 8.584 ; 8.501 ;
; sw2[0]     ; cc[7]       ; 7.287 ; 7.215 ; 7.665 ; 7.593 ;
; sw2[1]     ; cc[1]       ; 7.957 ; 8.105 ; 8.387 ; 8.496 ;
; sw2[1]     ; cc[2]       ; 7.400 ; 7.313 ; 7.791 ; 7.704 ;
; sw2[1]     ; cc[3]       ; 7.881 ; 7.787 ; 8.272 ; 8.178 ;
; sw2[1]     ; cc[4]       ; 7.229 ; 7.157 ; 7.620 ; 7.548 ;
; sw2[1]     ; cc[5]       ; 8.082 ; 8.001 ; 8.473 ; 8.392 ;
; sw2[1]     ; cc[7]       ; 7.163 ; 7.093 ; 7.554 ; 7.484 ;
; sw2[2]     ; cc[1]       ; 7.868 ; 8.001 ; 8.301 ; 8.391 ;
; sw2[2]     ; cc[2]       ; 7.348 ; 7.249 ; 7.738 ; 7.639 ;
; sw2[2]     ; cc[3]       ; 7.773 ; 7.702 ; 8.163 ; 8.096 ;
; sw2[2]     ; cc[4]       ; 7.122 ; 7.075 ; 7.512 ; 7.465 ;
; sw2[2]     ; cc[5]       ; 7.982 ; 7.915 ; 8.372 ; 8.305 ;
; sw2[2]     ; cc[7]       ; 7.056 ; 7.011 ; 7.446 ; 7.401 ;
; sw2[3]     ; cc[1]       ; 8.147 ; 8.232 ; 8.533 ; 8.645 ;
; sw2[3]     ; cc[2]       ; 7.579 ; 7.477 ; 7.992 ; 7.890 ;
; sw2[3]     ; cc[3]       ; 7.997 ; 7.931 ; 8.410 ; 8.344 ;
; sw2[3]     ; cc[4]       ; 7.346 ; 7.301 ; 7.759 ; 7.714 ;
; sw2[3]     ; cc[5]       ; 8.211 ; 8.137 ; 8.624 ; 8.550 ;
; sw2[3]     ; cc[7]       ; 7.280 ; 7.237 ; 7.693 ; 7.650 ;
+------------+-------------+-------+-------+-------+-------+


----------------------------------------------
; Slow 1200mV 85C Model Metastability Report ;
----------------------------------------------
No synchronizer chains to report.


-------------------------------------
; Slow 1200mV 0C Model Fmax Summary ;
-------------------------------------
No paths to report.


--------------------------------------
; Slow 1200mV 0C Model Setup Summary ;
--------------------------------------
No paths to report.


-------------------------------------
; Slow 1200mV 0C Model Hold Summary ;
-------------------------------------
No paths to report.


-----------------------------------------
; Slow 1200mV 0C Model Recovery Summary ;
-----------------------------------------
No paths to report.


----------------------------------------
; Slow 1200mV 0C Model Removal Summary ;
----------------------------------------
No paths to report.


----------------------------------------------------
; Slow 1200mV 0C Model Minimum Pulse Width Summary ;
----------------------------------------------------
No paths to report.


+----------------------------------------------------------+
; Propagation Delay                                        ;
+------------+-------------+-------+-------+-------+-------+
; Input Port ; Output Port ; RR    ; RF    ; FR    ; FF    ;
+------------+-------------+-------+-------+-------+-------+
; sw1[0]     ; cc[1]       ; 7.854 ; 8.014 ; 8.189 ; 8.363 ;
; sw1[0]     ; cc[2]       ; 7.355 ; 7.244 ; 7.690 ; 7.579 ;
; sw1[0]     ; cc[3]       ; 7.811 ; 7.681 ; 8.146 ; 8.016 ;
; sw1[0]     ; cc[4]       ; 7.192 ; 7.099 ; 7.527 ; 7.434 ;
; sw1[0]     ; cc[5]       ; 8.017 ; 7.887 ; 8.352 ; 8.222 ;
; sw1[0]     ; cc[7]       ; 7.125 ; 7.035 ; 7.460 ; 7.370 ;
; sw1[1]     ; cc[1]       ; 7.297 ; 7.497 ; 7.642 ; 7.850 ;
; sw1[1]     ; cc[2]       ; 6.835 ; 6.688 ; 7.180 ; 7.033 ;
; sw1[1]     ; cc[3]       ; 7.290 ; 7.125 ; 7.635 ; 7.470 ;
; sw1[1]     ; cc[4]       ; 6.670 ; 6.542 ; 7.015 ; 6.887 ;
; sw1[1]     ; cc[5]       ; 7.493 ; 7.328 ; 7.838 ; 7.675 ;
; sw1[1]     ; cc[7]       ; 6.603 ; 6.478 ; 6.948 ; 6.823 ;
; sw1[2]     ; cc[1]       ; 7.306 ; 7.448 ; 7.651 ; 7.801 ;
; sw1[2]     ; cc[2]       ; 6.793 ; 6.679 ; 7.138 ; 7.024 ;
; sw1[2]     ; cc[3]       ; 7.297 ; 7.124 ; 7.642 ; 7.470 ;
; sw1[2]     ; cc[4]       ; 6.676 ; 6.540 ; 7.021 ; 6.885 ;
; sw1[2]     ; cc[5]       ; 7.488 ; 7.343 ; 7.833 ; 7.688 ;
; sw1[2]     ; cc[7]       ; 6.609 ; 6.476 ; 6.954 ; 6.821 ;
; sw1[3]     ; cc[1]       ; 7.716 ; 7.854 ; 8.090 ; 8.199 ;
; sw1[3]     ; cc[2]       ; 7.202 ; 7.096 ; 7.576 ; 7.470 ;
; sw1[3]     ; cc[3]       ; 7.698 ; 7.532 ; 8.072 ; 7.906 ;
; sw1[3]     ; cc[4]       ; 7.079 ; 6.950 ; 7.453 ; 7.324 ;
; sw1[3]     ; cc[5]       ; 7.890 ; 7.751 ; 8.264 ; 8.125 ;
; sw1[3]     ; cc[7]       ; 7.012 ; 6.886 ; 7.386 ; 7.260 ;
; sw2[0]     ; cc[1]       ; 7.656 ; 7.844 ; 8.022 ; 8.181 ;
; sw2[0]     ; cc[2]       ; 7.166 ; 7.046 ; 7.523 ; 7.412 ;
; sw2[0]     ; cc[3]       ; 7.621 ; 7.483 ; 7.979 ; 7.849 ;
; sw2[0]     ; cc[4]       ; 7.002 ; 6.901 ; 7.360 ; 7.267 ;
; sw2[0]     ; cc[5]       ; 7.827 ; 7.689 ; 8.185 ; 8.055 ;
; sw2[0]     ; cc[7]       ; 6.935 ; 6.837 ; 7.293 ; 7.203 ;
; sw2[1]     ; cc[1]       ; 7.535 ; 7.747 ; 7.921 ; 8.079 ;
; sw2[1]     ; cc[2]       ; 7.073 ; 6.930 ; 7.459 ; 7.312 ;
; sw2[1]     ; cc[3]       ; 7.528 ; 7.367 ; 7.914 ; 7.749 ;
; sw2[1]     ; cc[4]       ; 6.908 ; 6.784 ; 7.294 ; 7.166 ;
; sw2[1]     ; cc[5]       ; 7.731 ; 7.572 ; 8.117 ; 7.952 ;
; sw2[1]     ; cc[7]       ; 6.841 ; 6.720 ; 7.227 ; 7.102 ;
; sw2[2]     ; cc[1]       ; 7.513 ; 7.671 ; 7.918 ; 8.011 ;
; sw2[2]     ; cc[2]       ; 7.005 ; 6.886 ; 7.405 ; 7.291 ;
; sw2[2]     ; cc[3]       ; 7.504 ; 7.340 ; 7.909 ; 7.736 ;
; sw2[2]     ; cc[4]       ; 6.883 ; 6.755 ; 7.288 ; 7.152 ;
; sw2[2]     ; cc[5]       ; 7.695 ; 7.550 ; 8.100 ; 7.955 ;
; sw2[2]     ; cc[7]       ; 6.816 ; 6.691 ; 7.221 ; 7.088 ;
; sw2[3]     ; cc[1]       ; 7.823 ; 7.937 ; 8.162 ; 8.280 ;
; sw2[3]     ; cc[2]       ; 7.309 ; 7.203 ; 7.648 ; 7.542 ;
; sw2[3]     ; cc[3]       ; 7.805 ; 7.639 ; 8.144 ; 7.978 ;
; sw2[3]     ; cc[4]       ; 7.186 ; 7.057 ; 7.525 ; 7.396 ;
; sw2[3]     ; cc[5]       ; 7.997 ; 7.858 ; 8.336 ; 8.197 ;
; sw2[3]     ; cc[7]       ; 7.119 ; 6.993 ; 7.458 ; 7.332 ;
+------------+-------------+-------+-------+-------+-------+


+----------------------------------------------------------+
; Minimum Propagation Delay                                ;
+------------+-------------+-------+-------+-------+-------+
; Input Port ; Output Port ; RR    ; RF    ; FR    ; FF    ;
+------------+-------------+-------+-------+-------+-------+
; sw1[0]     ; cc[1]       ; 7.585 ; 7.741 ; 7.895 ; 8.082 ;
; sw1[0]     ; cc[2]       ; 7.092 ; 6.951 ; 7.423 ; 7.292 ;
; sw1[0]     ; cc[3]       ; 7.528 ; 7.370 ; 7.860 ; 7.711 ;
; sw1[0]     ; cc[4]       ; 6.933 ; 6.810 ; 7.265 ; 7.151 ;
; sw1[0]     ; cc[5]       ; 7.725 ; 7.567 ; 8.057 ; 7.908 ;
; sw1[0]     ; cc[7]       ; 6.868 ; 6.748 ; 7.200 ; 7.089 ;
; sw1[1]     ; cc[1]       ; 7.107 ; 7.303 ; 7.444 ; 7.646 ;
; sw1[1]     ; cc[2]       ; 6.653 ; 6.514 ; 6.996 ; 6.857 ;
; sw1[1]     ; cc[3]       ; 7.089 ; 6.933 ; 7.432 ; 7.276 ;
; sw1[1]     ; cc[4]       ; 6.495 ; 6.374 ; 6.838 ; 6.717 ;
; sw1[1]     ; cc[5]       ; 7.287 ; 7.131 ; 7.630 ; 7.474 ;
; sw1[1]     ; cc[7]       ; 6.430 ; 6.312 ; 6.773 ; 6.655 ;
; sw1[2]     ; cc[1]       ; 7.045 ; 7.224 ; 7.382 ; 7.567 ;
; sw1[2]     ; cc[2]       ; 6.618 ; 6.469 ; 6.961 ; 6.812 ;
; sw1[2]     ; cc[3]       ; 7.004 ; 6.875 ; 7.347 ; 7.218 ;
; sw1[2]     ; cc[4]       ; 6.410 ; 6.314 ; 6.753 ; 6.657 ;
; sw1[2]     ; cc[5]       ; 7.210 ; 7.069 ; 7.553 ; 7.412 ;
; sw1[2]     ; cc[7]       ; 6.345 ; 6.252 ; 6.688 ; 6.595 ;
; sw1[3]     ; cc[1]       ; 7.437 ; 7.612 ; 7.802 ; 7.949 ;
; sw1[3]     ; cc[2]       ; 7.008 ; 6.855 ; 7.345 ; 7.192 ;
; sw1[3]     ; cc[3]       ; 7.387 ; 7.260 ; 7.724 ; 7.597 ;
; sw1[3]     ; cc[4]       ; 6.793 ; 6.700 ; 7.130 ; 7.037 ;
; sw1[3]     ; cc[5]       ; 7.597 ; 7.451 ; 7.934 ; 7.788 ;
; sw1[3]     ; cc[7]       ; 6.728 ; 6.638 ; 7.065 ; 6.975 ;
; sw2[0]     ; cc[1]       ; 7.448 ; 7.633 ; 7.805 ; 7.962 ;
; sw2[0]     ; cc[2]       ; 6.976 ; 6.843 ; 7.313 ; 7.172 ;
; sw2[0]     ; cc[3]       ; 7.413 ; 7.262 ; 7.749 ; 7.591 ;
; sw2[0]     ; cc[4]       ; 6.818 ; 6.702 ; 7.154 ; 7.031 ;
; sw2[0]     ; cc[5]       ; 7.610 ; 7.459 ; 7.946 ; 7.788 ;
; sw2[0]     ; cc[7]       ; 6.753 ; 6.640 ; 7.089 ; 6.969 ;
; sw2[1]     ; cc[1]       ; 7.318 ; 7.521 ; 7.671 ; 7.839 ;
; sw2[1]     ; cc[2]       ; 6.871 ; 6.732 ; 7.189 ; 7.050 ;
; sw2[1]     ; cc[3]       ; 7.307 ; 7.151 ; 7.625 ; 7.469 ;
; sw2[1]     ; cc[4]       ; 6.713 ; 6.592 ; 7.031 ; 6.910 ;
; sw2[1]     ; cc[5]       ; 7.505 ; 7.348 ; 7.823 ; 7.667 ;
; sw2[1]     ; cc[7]       ; 6.648 ; 6.530 ; 6.966 ; 6.848 ;
; sw2[2]     ; cc[1]       ; 7.224 ; 7.411 ; 7.596 ; 7.748 ;
; sw2[2]     ; cc[2]       ; 6.805 ; 6.656 ; 7.142 ; 6.993 ;
; sw2[2]     ; cc[3]       ; 7.191 ; 7.062 ; 7.528 ; 7.399 ;
; sw2[2]     ; cc[4]       ; 6.597 ; 6.501 ; 6.934 ; 6.838 ;
; sw2[2]     ; cc[5]       ; 7.397 ; 7.256 ; 7.734 ; 7.593 ;
; sw2[2]     ; cc[7]       ; 6.532 ; 6.439 ; 6.869 ; 6.776 ;
; sw2[3]     ; cc[1]       ; 7.486 ; 7.634 ; 7.803 ; 7.980 ;
; sw2[3]     ; cc[2]       ; 7.030 ; 6.877 ; 7.376 ; 7.223 ;
; sw2[3]     ; cc[3]       ; 7.409 ; 7.282 ; 7.755 ; 7.628 ;
; sw2[3]     ; cc[4]       ; 6.815 ; 6.722 ; 7.161 ; 7.068 ;
; sw2[3]     ; cc[5]       ; 7.619 ; 7.473 ; 7.965 ; 7.819 ;
; sw2[3]     ; cc[7]       ; 6.750 ; 6.660 ; 7.096 ; 7.006 ;
+------------+-------------+-------+-------+-------+-------+


---------------------------------------------
; Slow 1200mV 0C Model Metastability Report ;
---------------------------------------------
No synchronizer chains to report.


--------------------------------------
; Fast 1200mV 0C Model Setup Summary ;
--------------------------------------
No paths to report.


-------------------------------------
; Fast 1200mV 0C Model Hold Summary ;
-------------------------------------
No paths to report.


-----------------------------------------
; Fast 1200mV 0C Model Recovery Summary ;
-----------------------------------------
No paths to report.


----------------------------------------
; Fast 1200mV 0C Model Removal Summary ;
----------------------------------------
No paths to report.


----------------------------------------------------
; Fast 1200mV 0C Model Minimum Pulse Width Summary ;
----------------------------------------------------
No paths to report.


+----------------------------------------------------------+
; Propagation Delay                                        ;
+------------+-------------+-------+-------+-------+-------+
; Input Port ; Output Port ; RR    ; RF    ; FR    ; FF    ;
+------------+-------------+-------+-------+-------+-------+
; sw1[0]     ; cc[1]       ; 5.193 ; 5.086 ; 5.769 ; 5.675 ;
; sw1[0]     ; cc[2]       ; 4.728 ; 4.762 ; 5.304 ; 5.338 ;
; sw1[0]     ; cc[3]       ; 5.007 ; 5.069 ; 5.583 ; 5.645 ;
; sw1[0]     ; cc[4]       ; 4.643 ; 4.666 ; 5.219 ; 5.242 ;
; sw1[0]     ; cc[5]       ; 5.148 ; 5.237 ; 5.724 ; 5.813 ;
; sw1[0]     ; cc[7]       ; 4.597 ; 4.616 ; 5.173 ; 5.192 ;
; sw1[1]     ; cc[1]       ; 4.854 ; 4.785 ; 5.410 ; 5.348 ;
; sw1[1]     ; cc[2]       ; 4.412 ; 4.423 ; 4.968 ; 4.979 ;
; sw1[1]     ; cc[3]       ; 4.690 ; 4.730 ; 5.246 ; 5.286 ;
; sw1[1]     ; cc[4]       ; 4.324 ; 4.325 ; 4.880 ; 4.881 ;
; sw1[1]     ; cc[5]       ; 4.832 ; 4.899 ; 5.388 ; 5.455 ;
; sw1[1]     ; cc[7]       ; 4.278 ; 4.275 ; 4.834 ; 4.831 ;
; sw1[2]     ; cc[1]       ; 4.856 ; 4.755 ; 5.393 ; 5.299 ;
; sw1[2]     ; cc[2]       ; 4.389 ; 4.410 ; 4.926 ; 4.947 ;
; sw1[2]     ; cc[3]       ; 4.705 ; 4.728 ; 5.242 ; 5.265 ;
; sw1[2]     ; cc[4]       ; 4.338 ; 4.321 ; 4.875 ; 4.858 ;
; sw1[2]     ; cc[5]       ; 4.832 ; 4.904 ; 5.369 ; 5.441 ;
; sw1[2]     ; cc[7]       ; 4.292 ; 4.271 ; 4.829 ; 4.808 ;
; sw1[3]     ; cc[1]       ; 5.114 ; 5.014 ; 5.684 ; 5.566 ;
; sw1[3]     ; cc[2]       ; 4.650 ; 4.677 ; 5.220 ; 5.247 ;
; sw1[3]     ; cc[3]       ; 4.954 ; 4.983 ; 5.524 ; 5.553 ;
; sw1[3]     ; cc[4]       ; 4.587 ; 4.577 ; 5.157 ; 5.147 ;
; sw1[3]     ; cc[5]       ; 5.084 ; 5.159 ; 5.654 ; 5.729 ;
; sw1[3]     ; cc[7]       ; 4.541 ; 4.527 ; 5.111 ; 5.097 ;
; sw2[0]     ; cc[1]       ; 5.086 ; 4.993 ; 5.649 ; 5.538 ;
; sw2[0]     ; cc[2]       ; 4.621 ; 4.655 ; 5.184 ; 5.218 ;
; sw2[0]     ; cc[3]       ; 4.900 ; 4.962 ; 5.463 ; 5.525 ;
; sw2[0]     ; cc[4]       ; 4.536 ; 4.559 ; 5.099 ; 5.122 ;
; sw2[0]     ; cc[5]       ; 5.041 ; 5.130 ; 5.604 ; 5.693 ;
; sw2[0]     ; cc[7]       ; 4.490 ; 4.509 ; 5.053 ; 5.072 ;
; sw2[1]     ; cc[1]       ; 4.994 ; 4.938 ; 5.591 ; 5.505 ;
; sw2[1]     ; cc[2]       ; 4.552 ; 4.563 ; 5.149 ; 5.160 ;
; sw2[1]     ; cc[3]       ; 4.830 ; 4.870 ; 5.427 ; 5.467 ;
; sw2[1]     ; cc[4]       ; 4.464 ; 4.465 ; 5.061 ; 5.062 ;
; sw2[1]     ; cc[5]       ; 4.972 ; 5.039 ; 5.569 ; 5.636 ;
; sw2[1]     ; cc[7]       ; 4.418 ; 4.415 ; 5.015 ; 5.012 ;
; sw2[2]     ; cc[1]       ; 4.982 ; 4.894 ; 5.560 ; 5.439 ;
; sw2[2]     ; cc[2]       ; 4.515 ; 4.536 ; 5.093 ; 5.114 ;
; sw2[2]     ; cc[3]       ; 4.831 ; 4.854 ; 5.409 ; 5.432 ;
; sw2[2]     ; cc[4]       ; 4.464 ; 4.447 ; 5.042 ; 5.025 ;
; sw2[2]     ; cc[5]       ; 4.958 ; 5.030 ; 5.536 ; 5.608 ;
; sw2[2]     ; cc[7]       ; 4.418 ; 4.397 ; 4.996 ; 4.975 ;
; sw2[3]     ; cc[1]       ; 5.173 ; 5.060 ; 5.739 ; 5.635 ;
; sw2[3]     ; cc[2]       ; 4.709 ; 4.736 ; 5.275 ; 5.302 ;
; sw2[3]     ; cc[3]       ; 5.013 ; 5.042 ; 5.579 ; 5.608 ;
; sw2[3]     ; cc[4]       ; 4.646 ; 4.636 ; 5.212 ; 5.202 ;
; sw2[3]     ; cc[5]       ; 5.143 ; 5.218 ; 5.709 ; 5.784 ;
; sw2[3]     ; cc[7]       ; 4.600 ; 4.586 ; 5.166 ; 5.152 ;
+------------+-------------+-------+-------+-------+-------+


+----------------------------------------------------------+
; Minimum Propagation Delay                                ;
+------------+-------------+-------+-------+-------+-------+
; Input Port ; Output Port ; RR    ; RF    ; FR    ; FF    ;
+------------+-------------+-------+-------+-------+-------+
; sw1[0]     ; cc[1]       ; 5.012 ; 4.914 ; 5.571 ; 5.490 ;
; sw1[0]     ; cc[2]       ; 4.530 ; 4.541 ; 5.106 ; 5.117 ;
; sw1[0]     ; cc[3]       ; 4.798 ; 4.835 ; 5.374 ; 5.411 ;
; sw1[0]     ; cc[4]       ; 4.448 ; 4.448 ; 5.024 ; 5.024 ;
; sw1[0]     ; cc[5]       ; 4.933 ; 4.997 ; 5.509 ; 5.573 ;
; sw1[0]     ; cc[7]       ; 4.404 ; 4.400 ; 4.980 ; 4.976 ;
; sw1[1]     ; cc[1]       ; 4.723 ; 4.658 ; 5.274 ; 5.216 ;
; sw1[1]     ; cc[2]       ; 4.274 ; 4.289 ; 4.832 ; 4.847 ;
; sw1[1]     ; cc[3]       ; 4.542 ; 4.584 ; 5.100 ; 5.142 ;
; sw1[1]     ; cc[4]       ; 4.192 ; 4.197 ; 4.750 ; 4.755 ;
; sw1[1]     ; cc[5]       ; 4.677 ; 4.746 ; 5.235 ; 5.304 ;
; sw1[1]     ; cc[7]       ; 4.148 ; 4.149 ; 4.706 ; 4.707 ;
; sw1[2]     ; cc[1]       ; 4.677 ; 4.607 ; 5.210 ; 5.147 ;
; sw1[2]     ; cc[2]       ; 4.252 ; 4.253 ; 4.792 ; 4.793 ;
; sw1[2]     ; cc[3]       ; 4.489 ; 4.539 ; 5.029 ; 5.079 ;
; sw1[2]     ; cc[4]       ; 4.140 ; 4.152 ; 4.680 ; 4.692 ;
; sw1[2]     ; cc[5]       ; 4.629 ; 4.700 ; 5.169 ; 5.240 ;
; sw1[2]     ; cc[7]       ; 4.096 ; 4.104 ; 4.636 ; 4.644 ;
; sw1[3]     ; cc[1]       ; 4.928 ; 4.858 ; 5.493 ; 5.403 ;
; sw1[3]     ; cc[2]       ; 4.503 ; 4.504 ; 5.048 ; 5.049 ;
; sw1[3]     ; cc[3]       ; 4.733 ; 4.783 ; 5.278 ; 5.328 ;
; sw1[3]     ; cc[4]       ; 4.386 ; 4.398 ; 4.931 ; 4.943 ;
; sw1[3]     ; cc[5]       ; 4.873 ; 4.941 ; 5.418 ; 5.486 ;
; sw1[3]     ; cc[7]       ; 4.342 ; 4.350 ; 4.887 ; 4.895 ;
; sw2[0]     ; cc[1]       ; 4.943 ; 4.858 ; 5.502 ; 5.397 ;
; sw2[0]     ; cc[2]       ; 4.474 ; 4.485 ; 5.013 ; 5.024 ;
; sw2[0]     ; cc[3]       ; 4.742 ; 4.779 ; 5.281 ; 5.318 ;
; sw2[0]     ; cc[4]       ; 4.392 ; 4.392 ; 4.931 ; 4.931 ;
; sw2[0]     ; cc[5]       ; 4.877 ; 4.941 ; 5.416 ; 5.480 ;
; sw2[0]     ; cc[7]       ; 4.348 ; 4.344 ; 4.887 ; 4.883 ;
; sw2[1]     ; cc[1]       ; 4.845 ; 4.793 ; 5.418 ; 5.343 ;
; sw2[1]     ; cc[2]       ; 4.409 ; 4.424 ; 4.959 ; 4.974 ;
; sw2[1]     ; cc[3]       ; 4.677 ; 4.719 ; 5.227 ; 5.269 ;
; sw2[1]     ; cc[4]       ; 4.327 ; 4.332 ; 4.877 ; 4.882 ;
; sw2[1]     ; cc[5]       ; 4.812 ; 4.881 ; 5.362 ; 5.431 ;
; sw2[1]     ; cc[7]       ; 4.283 ; 4.284 ; 4.833 ; 4.834 ;
; sw2[2]     ; cc[1]       ; 4.781 ; 4.727 ; 5.346 ; 5.266 ;
; sw2[2]     ; cc[2]       ; 4.372 ; 4.373 ; 4.911 ; 4.912 ;
; sw2[2]     ; cc[3]       ; 4.609 ; 4.659 ; 5.148 ; 5.198 ;
; sw2[2]     ; cc[4]       ; 4.260 ; 4.272 ; 4.799 ; 4.811 ;
; sw2[2]     ; cc[5]       ; 4.749 ; 4.820 ; 5.288 ; 5.359 ;
; sw2[2]     ; cc[7]       ; 4.216 ; 4.224 ; 4.755 ; 4.763 ;
; sw2[3]     ; cc[1]       ; 4.947 ; 4.866 ; 5.503 ; 5.439 ;
; sw2[3]     ; cc[2]       ; 4.511 ; 4.512 ; 5.084 ; 5.085 ;
; sw2[3]     ; cc[3]       ; 4.741 ; 4.791 ; 5.314 ; 5.364 ;
; sw2[3]     ; cc[4]       ; 4.394 ; 4.406 ; 4.967 ; 4.979 ;
; sw2[3]     ; cc[5]       ; 4.881 ; 4.949 ; 5.454 ; 5.522 ;
; sw2[3]     ; cc[7]       ; 4.350 ; 4.358 ; 4.923 ; 4.931 ;
+------------+-------------+-------+-------+-------+-------+


---------------------------------------------
; Fast 1200mV 0C Model Metastability Report ;
---------------------------------------------
No synchronizer chains to report.


+----------------------------------------------------------------------------+
; Multicorner Timing Analysis Summary                                        ;
+------------------+-------+------+----------+---------+---------------------+
; Clock            ; Setup ; Hold ; Recovery ; Removal ; Minimum Pulse Width ;
+------------------+-------+------+----------+---------+---------------------+
; Worst-case Slack ; N/A   ; N/A  ; N/A      ; N/A     ; N/A                 ;
; Design-wide TNS  ; 0.0   ; 0.0  ; 0.0      ; 0.0     ; 0.0                 ;
+------------------+-------+------+----------+---------+---------------------+


+----------------------------------------------------------+
; Progagation Delay                                        ;
+------------+-------------+-------+-------+-------+-------+
; Input Port ; Output Port ; RR    ; RF    ; FR    ; FF    ;
+------------+-------------+-------+-------+-------+-------+
; sw1[0]     ; cc[1]       ; 8.573 ; 8.663 ; 8.977 ; 9.081 ;
; sw1[0]     ; cc[2]       ; 7.959 ; 7.905 ; 8.363 ; 8.309 ;
; sw1[0]     ; cc[3]       ; 8.459 ; 8.398 ; 8.863 ; 8.802 ;
; sw1[0]     ; cc[4]       ; 7.780 ; 7.742 ; 8.184 ; 8.146 ;
; sw1[0]     ; cc[5]       ; 8.669 ; 8.620 ; 9.073 ; 9.024 ;
; sw1[0]     ; cc[7]       ; 7.713 ; 7.675 ; 8.117 ; 8.079 ;
; sw1[1]     ; cc[1]       ; 7.945 ; 8.080 ; 8.340 ; 8.484 ;
; sw1[1]     ; cc[2]       ; 7.371 ; 7.278 ; 7.766 ; 7.673 ;
; sw1[1]     ; cc[3]       ; 7.870 ; 7.770 ; 8.265 ; 8.165 ;
; sw1[1]     ; cc[4]       ; 7.192 ; 7.115 ; 7.587 ; 7.510 ;
; sw1[1]     ; cc[5]       ; 8.081 ; 7.993 ; 8.476 ; 8.388 ;
; sw1[1]     ; cc[7]       ; 7.125 ; 7.048 ; 7.520 ; 7.443 ;
; sw1[2]     ; cc[1]       ; 7.969 ; 8.045 ; 8.369 ; 8.454 ;
; sw1[2]     ; cc[2]       ; 7.339 ; 7.281 ; 7.739 ; 7.681 ;
; sw1[2]     ; cc[3]       ; 7.896 ; 7.783 ; 8.296 ; 8.183 ;
; sw1[2]     ; cc[4]       ; 7.216 ; 7.126 ; 7.616 ; 7.526 ;
; sw1[2]     ; cc[5]       ; 8.086 ; 8.021 ; 8.486 ; 8.421 ;
; sw1[2]     ; cc[7]       ; 7.149 ; 7.059 ; 7.549 ; 7.459 ;
; sw1[3]     ; cc[1]       ; 8.416 ; 8.483 ; 8.856 ; 8.891 ;
; sw1[3]     ; cc[2]       ; 7.785 ; 7.736 ; 8.225 ; 8.176 ;
; sw1[3]     ; cc[3]       ; 8.331 ; 8.228 ; 8.771 ; 8.668 ;
; sw1[3]     ; cc[4]       ; 7.653 ; 7.573 ; 8.093 ; 8.013 ;
; sw1[3]     ; cc[5]       ; 8.524 ; 8.466 ; 8.964 ; 8.906 ;
; sw1[3]     ; cc[7]       ; 7.586 ; 7.506 ; 8.026 ; 7.946 ;
; sw2[0]     ; cc[1]       ; 8.348 ; 8.468 ; 8.768 ; 8.856 ;
; sw2[0]     ; cc[2]       ; 7.734 ; 7.680 ; 8.154 ; 8.100 ;
; sw2[0]     ; cc[3]       ; 8.234 ; 8.173 ; 8.654 ; 8.593 ;
; sw2[0]     ; cc[4]       ; 7.555 ; 7.517 ; 7.975 ; 7.937 ;
; sw2[0]     ; cc[5]       ; 8.444 ; 8.395 ; 8.864 ; 8.815 ;
; sw2[0]     ; cc[7]       ; 7.488 ; 7.450 ; 7.908 ; 7.870 ;
; sw2[1]     ; cc[1]       ; 8.210 ; 8.358 ; 8.679 ; 8.771 ;
; sw2[1]     ; cc[2]       ; 7.636 ; 7.543 ; 8.105 ; 8.012 ;
; sw2[1]     ; cc[3]       ; 8.135 ; 8.035 ; 8.604 ; 8.504 ;
; sw2[1]     ; cc[4]       ; 7.457 ; 7.380 ; 7.926 ; 7.849 ;
; sw2[1]     ; cc[5]       ; 8.346 ; 8.258 ; 8.815 ; 8.727 ;
; sw2[1]     ; cc[7]       ; 7.390 ; 7.313 ; 7.859 ; 7.782 ;
; sw2[2]     ; cc[1]       ; 8.204 ; 8.296 ; 8.669 ; 8.693 ;
; sw2[2]     ; cc[2]       ; 7.574 ; 7.516 ; 8.039 ; 7.981 ;
; sw2[2]     ; cc[3]       ; 8.131 ; 8.023 ; 8.596 ; 8.483 ;
; sw2[2]     ; cc[4]       ; 7.451 ; 7.365 ; 7.916 ; 7.826 ;
; sw2[2]     ; cc[5]       ; 8.321 ; 8.256 ; 8.786 ; 8.721 ;
; sw2[2]     ; cc[7]       ; 7.384 ; 7.298 ; 7.849 ; 7.759 ;
; sw2[3]     ; cc[1]       ; 8.531 ; 8.572 ; 8.941 ; 8.985 ;
; sw2[3]     ; cc[2]       ; 7.900 ; 7.851 ; 8.310 ; 8.261 ;
; sw2[3]     ; cc[3]       ; 8.446 ; 8.343 ; 8.856 ; 8.753 ;
; sw2[3]     ; cc[4]       ; 7.768 ; 7.688 ; 8.178 ; 8.098 ;
; sw2[3]     ; cc[5]       ; 8.639 ; 8.581 ; 9.049 ; 8.991 ;
; sw2[3]     ; cc[7]       ; 7.701 ; 7.621 ; 8.111 ; 8.031 ;
+------------+-------------+-------+-------+-------+-------+


+----------------------------------------------------------+
; Minimum Progagation Delay                                ;
+------------+-------------+-------+-------+-------+-------+
; Input Port ; Output Port ; RR    ; RF    ; FR    ; FF    ;
+------------+-------------+-------+-------+-------+-------+
; sw1[0]     ; cc[1]       ; 5.012 ; 4.914 ; 5.571 ; 5.490 ;
; sw1[0]     ; cc[2]       ; 4.530 ; 4.541 ; 5.106 ; 5.117 ;
; sw1[0]     ; cc[3]       ; 4.798 ; 4.835 ; 5.374 ; 5.411 ;
; sw1[0]     ; cc[4]       ; 4.448 ; 4.448 ; 5.024 ; 5.024 ;
; sw1[0]     ; cc[5]       ; 4.933 ; 4.997 ; 5.509 ; 5.573 ;
; sw1[0]     ; cc[7]       ; 4.404 ; 4.400 ; 4.980 ; 4.976 ;
; sw1[1]     ; cc[1]       ; 4.723 ; 4.658 ; 5.274 ; 5.216 ;
; sw1[1]     ; cc[2]       ; 4.274 ; 4.289 ; 4.832 ; 4.847 ;
; sw1[1]     ; cc[3]       ; 4.542 ; 4.584 ; 5.100 ; 5.142 ;
; sw1[1]     ; cc[4]       ; 4.192 ; 4.197 ; 4.750 ; 4.755 ;
; sw1[1]     ; cc[5]       ; 4.677 ; 4.746 ; 5.235 ; 5.304 ;
; sw1[1]     ; cc[7]       ; 4.148 ; 4.149 ; 4.706 ; 4.707 ;
; sw1[2]     ; cc[1]       ; 4.677 ; 4.607 ; 5.210 ; 5.147 ;
; sw1[2]     ; cc[2]       ; 4.252 ; 4.253 ; 4.792 ; 4.793 ;
; sw1[2]     ; cc[3]       ; 4.489 ; 4.539 ; 5.029 ; 5.079 ;
; sw1[2]     ; cc[4]       ; 4.140 ; 4.152 ; 4.680 ; 4.692 ;
; sw1[2]     ; cc[5]       ; 4.629 ; 4.700 ; 5.169 ; 5.240 ;
; sw1[2]     ; cc[7]       ; 4.096 ; 4.104 ; 4.636 ; 4.644 ;
; sw1[3]     ; cc[1]       ; 4.928 ; 4.858 ; 5.493 ; 5.403 ;
; sw1[3]     ; cc[2]       ; 4.503 ; 4.504 ; 5.048 ; 5.049 ;
; sw1[3]     ; cc[3]       ; 4.733 ; 4.783 ; 5.278 ; 5.328 ;
; sw1[3]     ; cc[4]       ; 4.386 ; 4.398 ; 4.931 ; 4.943 ;
; sw1[3]     ; cc[5]       ; 4.873 ; 4.941 ; 5.418 ; 5.486 ;
; sw1[3]     ; cc[7]       ; 4.342 ; 4.350 ; 4.887 ; 4.895 ;
; sw2[0]     ; cc[1]       ; 4.943 ; 4.858 ; 5.502 ; 5.397 ;
; sw2[0]     ; cc[2]       ; 4.474 ; 4.485 ; 5.013 ; 5.024 ;
; sw2[0]     ; cc[3]       ; 4.742 ; 4.779 ; 5.281 ; 5.318 ;
; sw2[0]     ; cc[4]       ; 4.392 ; 4.392 ; 4.931 ; 4.931 ;
; sw2[0]     ; cc[5]       ; 4.877 ; 4.941 ; 5.416 ; 5.480 ;
; sw2[0]     ; cc[7]       ; 4.348 ; 4.344 ; 4.887 ; 4.883 ;
; sw2[1]     ; cc[1]       ; 4.845 ; 4.793 ; 5.418 ; 5.343 ;
; sw2[1]     ; cc[2]       ; 4.409 ; 4.424 ; 4.959 ; 4.974 ;
; sw2[1]     ; cc[3]       ; 4.677 ; 4.719 ; 5.227 ; 5.269 ;
; sw2[1]     ; cc[4]       ; 4.327 ; 4.332 ; 4.877 ; 4.882 ;
; sw2[1]     ; cc[5]       ; 4.812 ; 4.881 ; 5.362 ; 5.431 ;
; sw2[1]     ; cc[7]       ; 4.283 ; 4.284 ; 4.833 ; 4.834 ;
; sw2[2]     ; cc[1]       ; 4.781 ; 4.727 ; 5.346 ; 5.266 ;
; sw2[2]     ; cc[2]       ; 4.372 ; 4.373 ; 4.911 ; 4.912 ;
; sw2[2]     ; cc[3]       ; 4.609 ; 4.659 ; 5.148 ; 5.198 ;
; sw2[2]     ; cc[4]       ; 4.260 ; 4.272 ; 4.799 ; 4.811 ;
; sw2[2]     ; cc[5]       ; 4.749 ; 4.820 ; 5.288 ; 5.359 ;
; sw2[2]     ; cc[7]       ; 4.216 ; 4.224 ; 4.755 ; 4.763 ;
; sw2[3]     ; cc[1]       ; 4.947 ; 4.866 ; 5.503 ; 5.439 ;
; sw2[3]     ; cc[2]       ; 4.511 ; 4.512 ; 5.084 ; 5.085 ;
; sw2[3]     ; cc[3]       ; 4.741 ; 4.791 ; 5.314 ; 5.364 ;
; sw2[3]     ; cc[4]       ; 4.394 ; 4.406 ; 4.967 ; 4.979 ;
; sw2[3]     ; cc[5]       ; 4.881 ; 4.949 ; 5.454 ; 5.522 ;
; sw2[3]     ; cc[7]       ; 4.350 ; 4.358 ; 4.923 ; 4.931 ;
+------------+-------------+-------+-------+-------+-------+


+------------------------------------------------------------------------------------------------------------------------------------------------------------------------------------------------------------------------------------------------------------------------------------------------------------------------------------------------------------------------------------------------------------------+
; Board Trace Model Assignments                                                                                                                                                                                                                                                                                                                                                                                    ;
+---------------+--------------+-------------------+-------------------------+-------------------------+---------------+---------------------+----------------+------------------+--------+------------------+------------------------+------------------------+--------------+---------------+-----------------+-------+---------------------+--------------------+---------------+-----------------+-------------+
; Pin           ; I/O Standard ; Near Tline Length ; Near Tline L per Length ; Near Tline C per Length ; Near Series R ; Near Differential R ; Near Pull-up R ; Near Pull-down R ; Near C ; Far Tline Length ; Far Tline L per Length ; Far Tline C per Length ; Far Series R ; Far Pull-up R ; Far Pull-down R ; Far C ; Termination Voltage ; Far Differential R ; EBD File Name ; EBD Signal Name ; EBD Far-end ;
+---------------+--------------+-------------------+-------------------------+-------------------------+---------------+---------------------+----------------+------------------+--------+------------------+------------------------+------------------------+--------------+---------------+-----------------+-------+---------------------+--------------------+---------------+-----------------+-------------+
; cc[0]         ; 3.3-V LVTTL  ; 0 in              ; 0 H/in                  ; 0 F/in                  ; short         ; -                   ; open           ; open             ; open   ; 0 in             ; 0 H/in                 ; 0 F/in                 ; short        ; open          ; open            ; open  ; 0 V                 ; -                  ; n/a           ; n/a             ; n/a         ;
; cc[1]         ; 3.3-V LVTTL  ; 0 in              ; 0 H/in                  ; 0 F/in                  ; short         ; -                   ; open           ; open             ; open   ; 0 in             ; 0 H/in                 ; 0 F/in                 ; short        ; open          ; open            ; open  ; 0 V                 ; -                  ; n/a           ; n/a             ; n/a         ;
; cc[2]         ; 3.3-V LVTTL  ; 0 in              ; 0 H/in                  ; 0 F/in                  ; short         ; -                   ; open           ; open             ; open   ; 0 in             ; 0 H/in                 ; 0 F/in                 ; short        ; open          ; open            ; open  ; 0 V                 ; -                  ; n/a           ; n/a             ; n/a         ;
; cc[3]         ; 3.3-V LVTTL  ; 0 in              ; 0 H/in                  ; 0 F/in                  ; short         ; -                   ; open           ; open             ; open   ; 0 in             ; 0 H/in                 ; 0 F/in                 ; short        ; open          ; open            ; open  ; 0 V                 ; -                  ; n/a           ; n/a             ; n/a         ;
; cc[4]         ; 3.3-V LVTTL  ; 0 in              ; 0 H/in                  ; 0 F/in                  ; short         ; -                   ; open           ; open             ; open   ; 0 in             ; 0 H/in                 ; 0 F/in                 ; short        ; open          ; open            ; open  ; 0 V                 ; -                  ; n/a           ; n/a             ; n/a         ;
; cc[5]         ; 3.3-V LVTTL  ; 0 in              ; 0 H/in                  ; 0 F/in                  ; short         ; -                   ; open           ; open             ; open   ; 0 in             ; 0 H/in                 ; 0 F/in                 ; short        ; open          ; open            ; open  ; 0 V                 ; -                  ; n/a           ; n/a             ; n/a         ;
; cc[6]         ; 3.3-V LVTTL  ; 0 in              ; 0 H/in                  ; 0 F/in                  ; short         ; -                   ; open           ; open             ; open   ; 0 in             ; 0 H/in                 ; 0 F/in                 ; short        ; open          ; open            ; open  ; 0 V                 ; -                  ; n/a           ; n/a             ; n/a         ;
; cc[7]         ; 3.3-V LVTTL  ; 0 in              ; 0 H/in                  ; 0 F/in                  ; short         ; -                   ; open           ; open             ; open   ; 0 in             ; 0 H/in                 ; 0 F/in                 ; short        ; open          ; open            ; open  ; 0 V                 ; -                  ; n/a           ; n/a             ; n/a         ;
; ~ALTERA_DCLK~ ; 2.5 V        ; 0 in              ; 0 H/in                  ; 0 F/in                  ; short         ; -                   ; open           ; open             ; open   ; 0 in             ; 0 H/in                 ; 0 F/in                 ; short        ; open          ; open            ; open  ; 0 V                 ; -                  ; n/a           ; n/a             ; n/a         ;
; ~ALTERA_nCEO~ ; 2.5 V        ; 0 in              ; 0 H/in                  ; 0 F/in                  ; short         ; -                   ; open           ; open             ; open   ; 0 in             ; 0 H/in                 ; 0 F/in                 ; short        ; open          ; open            ; open  ; 0 V                 ; -                  ; n/a           ; n/a             ; n/a         ;
+---------------+--------------+-------------------+-------------------------+-------------------------+---------------+---------------------+----------------+------------------+--------+------------------+------------------------+------------------------+--------------+---------------+-----------------+-------+---------------------+--------------------+---------------+-----------------+-------------+


+----------------------------------------------------------------------------+
; Input Transition Times                                                     ;
+-------------------------+--------------+-----------------+-----------------+
; Pin                     ; I/O Standard ; 10-90 Rise Time ; 90-10 Fall Time ;
+-------------------------+--------------+-----------------+-----------------+
; sw1[0]                  ; 2.5 V        ; 2000 ps         ; 2000 ps         ;
; sw2[0]                  ; 2.5 V        ; 2000 ps         ; 2000 ps         ;
; sw1[1]                  ; 2.5 V        ; 2000 ps         ; 2000 ps         ;
; sw2[1]                  ; 2.5 V        ; 2000 ps         ; 2000 ps         ;
; sw1[2]                  ; 2.5 V        ; 2000 ps         ; 2000 ps         ;
; sw2[2]                  ; 2.5 V        ; 2000 ps         ; 2000 ps         ;
; sw1[3]                  ; 2.5 V        ; 2000 ps         ; 2000 ps         ;
; sw2[3]                  ; 2.5 V        ; 2000 ps         ; 2000 ps         ;
; ~ALTERA_ASDO_DATA1~     ; 2.5 V        ; 2000 ps         ; 2000 ps         ;
; ~ALTERA_FLASH_nCE_nCSO~ ; 2.5 V        ; 2000 ps         ; 2000 ps         ;
; ~ALTERA_DATA0~          ; 2.5 V        ; 2000 ps         ; 2000 ps         ;
+-------------------------+--------------+-----------------+-----------------+


+--------------------------------------------------------------------------------------------------------------------------------------------------------------------------------------------------------------------------------------------------------------------------------------------------------------------------------------------------------------------------------------------------------------------------------------------------------------------------------------------------------------------------------------------------------------------------------------------------------------------------------------------------------------------------------------------+
; Slow Corner Signal Integrity Metrics                                                                                                                                                                                                                                                                                                                                                                                                                                                                                                                                                                                                                                                       ;
+---------------+--------------+---------------------+---------------------+------------------------------+------------------------------+---------------------+---------------------+--------------------------------------+--------------------------------------+-----------------------------+-----------------------------+----------------------------+----------------------------+-----------------------------+-----------------------------+--------------------+--------------------+-------------------------------------+-------------------------------------+----------------------------+----------------------------+---------------------------+---------------------------+
; Pin           ; I/O Standard ; Board Delay on Rise ; Board Delay on Fall ; Steady State Voh at FPGA Pin ; Steady State Vol at FPGA Pin ; Voh Max at FPGA Pin ; Vol Min at FPGA Pin ; Ringback Voltage on Rise at FPGA Pin ; Ringback Voltage on Fall at FPGA Pin ; 10-90 Rise Time at FPGA Pin ; 90-10 Fall Time at FPGA Pin ; Monotonic Rise at FPGA Pin ; Monotonic Fall at FPGA Pin ; Steady State Voh at Far-end ; Steady State Vol at Far-end ; Voh Max at Far-end ; Vol Min at Far-end ; Ringback Voltage on Rise at Far-end ; Ringback Voltage on Fall at Far-end ; 10-90 Rise Time at Far-end ; 90-10 Fall Time at Far-end ; Monotonic Rise at Far-end ; Monotonic Fall at Far-end ;
+---------------+--------------+---------------------+---------------------+------------------------------+------------------------------+---------------------+---------------------+--------------------------------------+--------------------------------------+-----------------------------+-----------------------------+----------------------------+----------------------------+-----------------------------+-----------------------------+--------------------+--------------------+-------------------------------------+-------------------------------------+----------------------------+----------------------------+---------------------------+---------------------------+
; cc[0]         ; 3.3-V LVTTL  ; 0 s                 ; 0 s                 ; 3.08 V                       ; 3.08e-06 V                   ; 3.13 V              ; -0.0523 V           ; 0.237 V                              ; 0.168 V                              ; 6.67e-10 s                  ; 6.11e-10 s                  ; No                         ; No                         ; 3.08 V                      ; 3.08e-06 V                  ; 3.13 V             ; -0.0523 V          ; 0.237 V                             ; 0.168 V                             ; 6.67e-10 s                 ; 6.11e-10 s                 ; No                        ; No                        ;
; cc[1]         ; 3.3-V LVTTL  ; 0 s                 ; 0 s                 ; 3.08 V                       ; 3.08e-06 V                   ; 3.13 V              ; -0.0523 V           ; 0.237 V                              ; 0.168 V                              ; 6.67e-10 s                  ; 6.11e-10 s                  ; No                         ; No                         ; 3.08 V                      ; 3.08e-06 V                  ; 3.13 V             ; -0.0523 V          ; 0.237 V                             ; 0.168 V                             ; 6.67e-10 s                 ; 6.11e-10 s                 ; No                        ; No                        ;
; cc[2]         ; 3.3-V LVTTL  ; 0 s                 ; 0 s                 ; 3.08 V                       ; 3.08e-06 V                   ; 3.13 V              ; -0.0523 V           ; 0.237 V                              ; 0.168 V                              ; 6.67e-10 s                  ; 6.11e-10 s                  ; No                         ; No                         ; 3.08 V                      ; 3.08e-06 V                  ; 3.13 V             ; -0.0523 V          ; 0.237 V                             ; 0.168 V                             ; 6.67e-10 s                 ; 6.11e-10 s                 ; No                        ; No                        ;
; cc[3]         ; 3.3-V LVTTL  ; 0 s                 ; 0 s                 ; 3.08 V                       ; 3.08e-06 V                   ; 3.13 V              ; -0.0523 V           ; 0.237 V                              ; 0.168 V                              ; 6.67e-10 s                  ; 6.11e-10 s                  ; No                         ; No                         ; 3.08 V                      ; 3.08e-06 V                  ; 3.13 V             ; -0.0523 V          ; 0.237 V                             ; 0.168 V                             ; 6.67e-10 s                 ; 6.11e-10 s                 ; No                        ; No                        ;
; cc[4]         ; 3.3-V LVTTL  ; 0 s                 ; 0 s                 ; 3.08 V                       ; 3.08e-06 V                   ; 3.13 V              ; -0.0523 V           ; 0.237 V                              ; 0.168 V                              ; 6.67e-10 s                  ; 6.11e-10 s                  ; No                         ; No                         ; 3.08 V                      ; 3.08e-06 V                  ; 3.13 V             ; -0.0523 V          ; 0.237 V                             ; 0.168 V                             ; 6.67e-10 s                 ; 6.11e-10 s                 ; No                        ; No                        ;
; cc[5]         ; 3.3-V LVTTL  ; 0 s                 ; 0 s                 ; 3.08 V                       ; 3.08e-06 V                   ; 3.13 V              ; -0.0523 V           ; 0.237 V                              ; 0.168 V                              ; 6.67e-10 s                  ; 6.11e-10 s                  ; No                         ; No                         ; 3.08 V                      ; 3.08e-06 V                  ; 3.13 V             ; -0.0523 V          ; 0.237 V                             ; 0.168 V                             ; 6.67e-10 s                 ; 6.11e-10 s                 ; No                        ; No                        ;
; cc[6]         ; 3.3-V LVTTL  ; 0 s                 ; 0 s                 ; 3.08 V                       ; 3.08e-06 V                   ; 3.13 V              ; -0.0523 V           ; 0.237 V                              ; 0.168 V                              ; 6.67e-10 s                  ; 6.11e-10 s                  ; No                         ; No                         ; 3.08 V                      ; 3.08e-06 V                  ; 3.13 V             ; -0.0523 V          ; 0.237 V                             ; 0.168 V                             ; 6.67e-10 s                 ; 6.11e-10 s                 ; No                        ; No                        ;
; cc[7]         ; 3.3-V LVTTL  ; 0 s                 ; 0 s                 ; 3.08 V                       ; 3.08e-06 V                   ; 3.13 V              ; -0.0523 V           ; 0.237 V                              ; 0.168 V                              ; 6.67e-10 s                  ; 6.11e-10 s                  ; No                         ; No                         ; 3.08 V                      ; 3.08e-06 V                  ; 3.13 V             ; -0.0523 V          ; 0.237 V                             ; 0.168 V                             ; 6.67e-10 s                 ; 6.11e-10 s                 ; No                        ; No                        ;
; ~ALTERA_DCLK~ ; 2.5 V        ; 0 s                 ; 0 s                 ; 2.32 V                       ; 5.68e-07 V                   ; 2.35 V              ; -0.0132 V           ; 0.2 V                                ; 0.027 V                              ; 5.26e-10 s                  ; 4.81e-10 s                  ; Yes                        ; Yes                        ; 2.32 V                      ; 5.68e-07 V                  ; 2.35 V             ; -0.0132 V          ; 0.2 V                               ; 0.027 V                             ; 5.26e-10 s                 ; 4.81e-10 s                 ; Yes                       ; Yes                       ;
; ~ALTERA_nCEO~ ; 2.5 V        ; 0 s                 ; 0 s                 ; 2.32 V                       ; 9.36e-07 V                   ; 2.35 V              ; -0.00444 V          ; 0.18 V                               ; 0.019 V                              ; 7.23e-10 s                  ; 9.82e-10 s                  ; Yes                        ; Yes                        ; 2.32 V                      ; 9.36e-07 V                  ; 2.35 V             ; -0.00444 V         ; 0.18 V                              ; 0.019 V                             ; 7.23e-10 s                 ; 9.82e-10 s                 ; Yes                       ; Yes                       ;
+---------------+--------------+---------------------+---------------------+------------------------------+------------------------------+---------------------+---------------------+--------------------------------------+--------------------------------------+-----------------------------+-----------------------------+----------------------------+----------------------------+-----------------------------+-----------------------------+--------------------+--------------------+-------------------------------------+-------------------------------------+----------------------------+----------------------------+---------------------------+---------------------------+


+--------------------------------------------------------------------------------------------------------------------------------------------------------------------------------------------------------------------------------------------------------------------------------------------------------------------------------------------------------------------------------------------------------------------------------------------------------------------------------------------------------------------------------------------------------------------------------------------------------------------------------------------------------------------------------------------+
; Fast Corner Signal Integrity Metrics                                                                                                                                                                                                                                                                                                                                                                                                                                                                                                                                                                                                                                                       ;
+---------------+--------------+---------------------+---------------------+------------------------------+------------------------------+---------------------+---------------------+--------------------------------------+--------------------------------------+-----------------------------+-----------------------------+----------------------------+----------------------------+-----------------------------+-----------------------------+--------------------+--------------------+-------------------------------------+-------------------------------------+----------------------------+----------------------------+---------------------------+---------------------------+
; Pin           ; I/O Standard ; Board Delay on Rise ; Board Delay on Fall ; Steady State Voh at FPGA Pin ; Steady State Vol at FPGA Pin ; Voh Max at FPGA Pin ; Vol Min at FPGA Pin ; Ringback Voltage on Rise at FPGA Pin ; Ringback Voltage on Fall at FPGA Pin ; 10-90 Rise Time at FPGA Pin ; 90-10 Fall Time at FPGA Pin ; Monotonic Rise at FPGA Pin ; Monotonic Fall at FPGA Pin ; Steady State Voh at Far-end ; Steady State Vol at Far-end ; Voh Max at Far-end ; Vol Min at Far-end ; Ringback Voltage on Rise at Far-end ; Ringback Voltage on Fall at Far-end ; 10-90 Rise Time at Far-end ; 90-10 Fall Time at Far-end ; Monotonic Rise at Far-end ; Monotonic Fall at Far-end ;
+---------------+--------------+---------------------+---------------------+------------------------------+------------------------------+---------------------+---------------------+--------------------------------------+--------------------------------------+-----------------------------+-----------------------------+----------------------------+----------------------------+-----------------------------+-----------------------------+--------------------+--------------------+-------------------------------------+-------------------------------------+----------------------------+----------------------------+---------------------------+---------------------------+
; cc[0]         ; 3.3-V LVTTL  ; 0 s                 ; 0 s                 ; 3.46 V                       ; 1.9e-07 V                    ; 3.59 V              ; -0.0873 V           ; 0.332 V                              ; 0.189 V                              ; 4.6e-10 s                   ; 4.2e-10 s                   ; No                         ; Yes                        ; 3.46 V                      ; 1.9e-07 V                   ; 3.59 V             ; -0.0873 V          ; 0.332 V                             ; 0.189 V                             ; 4.6e-10 s                  ; 4.2e-10 s                  ; No                        ; Yes                       ;
; cc[1]         ; 3.3-V LVTTL  ; 0 s                 ; 0 s                 ; 3.46 V                       ; 1.9e-07 V                    ; 3.59 V              ; -0.0873 V           ; 0.332 V                              ; 0.189 V                              ; 4.6e-10 s                   ; 4.2e-10 s                   ; No                         ; Yes                        ; 3.46 V                      ; 1.9e-07 V                   ; 3.59 V             ; -0.0873 V          ; 0.332 V                             ; 0.189 V                             ; 4.6e-10 s                  ; 4.2e-10 s                  ; No                        ; Yes                       ;
; cc[2]         ; 3.3-V LVTTL  ; 0 s                 ; 0 s                 ; 3.46 V                       ; 1.9e-07 V                    ; 3.59 V              ; -0.0873 V           ; 0.332 V                              ; 0.189 V                              ; 4.6e-10 s                   ; 4.2e-10 s                   ; No                         ; Yes                        ; 3.46 V                      ; 1.9e-07 V                   ; 3.59 V             ; -0.0873 V          ; 0.332 V                             ; 0.189 V                             ; 4.6e-10 s                  ; 4.2e-10 s                  ; No                        ; Yes                       ;
; cc[3]         ; 3.3-V LVTTL  ; 0 s                 ; 0 s                 ; 3.46 V                       ; 1.9e-07 V                    ; 3.59 V              ; -0.0873 V           ; 0.332 V                              ; 0.189 V                              ; 4.6e-10 s                   ; 4.2e-10 s                   ; No                         ; Yes                        ; 3.46 V                      ; 1.9e-07 V                   ; 3.59 V             ; -0.0873 V          ; 0.332 V                             ; 0.189 V                             ; 4.6e-10 s                  ; 4.2e-10 s                  ; No                        ; Yes                       ;
; cc[4]         ; 3.3-V LVTTL  ; 0 s                 ; 0 s                 ; 3.46 V                       ; 1.9e-07 V                    ; 3.59 V              ; -0.0873 V           ; 0.332 V                              ; 0.189 V                              ; 4.6e-10 s                   ; 4.2e-10 s                   ; No                         ; Yes                        ; 3.46 V                      ; 1.9e-07 V                   ; 3.59 V             ; -0.0873 V          ; 0.332 V                             ; 0.189 V                             ; 4.6e-10 s                  ; 4.2e-10 s                  ; No                        ; Yes                       ;
; cc[5]         ; 3.3-V LVTTL  ; 0 s                 ; 0 s                 ; 3.46 V                       ; 1.9e-07 V                    ; 3.59 V              ; -0.0873 V           ; 0.332 V                              ; 0.189 V                              ; 4.6e-10 s                   ; 4.2e-10 s                   ; No                         ; Yes                        ; 3.46 V                      ; 1.9e-07 V                   ; 3.59 V             ; -0.0873 V          ; 0.332 V                             ; 0.189 V                             ; 4.6e-10 s                  ; 4.2e-10 s                  ; No                        ; Yes                       ;
; cc[6]         ; 3.3-V LVTTL  ; 0 s                 ; 0 s                 ; 3.46 V                       ; 1.9e-07 V                    ; 3.59 V              ; -0.0873 V           ; 0.332 V                              ; 0.189 V                              ; 4.6e-10 s                   ; 4.2e-10 s                   ; No                         ; Yes                        ; 3.46 V                      ; 1.9e-07 V                   ; 3.59 V             ; -0.0873 V          ; 0.332 V                             ; 0.189 V                             ; 4.6e-10 s                  ; 4.2e-10 s                  ; No                        ; Yes                       ;
; cc[7]         ; 3.3-V LVTTL  ; 0 s                 ; 0 s                 ; 3.46 V                       ; 1.9e-07 V                    ; 3.59 V              ; -0.0873 V           ; 0.332 V                              ; 0.189 V                              ; 4.6e-10 s                   ; 4.2e-10 s                   ; No                         ; Yes                        ; 3.46 V                      ; 1.9e-07 V                   ; 3.59 V             ; -0.0873 V          ; 0.332 V                             ; 0.189 V                             ; 4.6e-10 s                  ; 4.2e-10 s                  ; No                        ; Yes                       ;
; ~ALTERA_DCLK~ ; 2.5 V        ; 0 s                 ; 0 s                 ; 2.62 V                       ; 2.22e-08 V                   ; 2.72 V              ; -0.0747 V           ; 0.28 V                               ; 0.169 V                              ; 3.1e-10 s                   ; 3.01e-10 s                  ; No                         ; Yes                        ; 2.62 V                      ; 2.22e-08 V                  ; 2.72 V             ; -0.0747 V          ; 0.28 V                              ; 0.169 V                             ; 3.1e-10 s                  ; 3.01e-10 s                 ; No                        ; Yes                       ;
; ~ALTERA_nCEO~ ; 2.5 V        ; 0 s                 ; 0 s                 ; 2.62 V                       ; 3.53e-08 V                   ; 2.7 V               ; -0.0212 V           ; 0.204 V                              ; 0.049 V                              ; 4.85e-10 s                  ; 6.73e-10 s                  ; No                         ; Yes                        ; 2.62 V                      ; 3.53e-08 V                  ; 2.7 V              ; -0.0212 V          ; 0.204 V                             ; 0.049 V                             ; 4.85e-10 s                 ; 6.73e-10 s                 ; No                        ; Yes                       ;
+---------------+--------------+---------------------+---------------------+------------------------------+------------------------------+---------------------+---------------------+--------------------------------------+--------------------------------------+-----------------------------+-----------------------------+----------------------------+----------------------------+-----------------------------+-----------------------------+--------------------+--------------------+-------------------------------------+-------------------------------------+----------------------------+----------------------------+---------------------------+---------------------------+


-------------------
; Clock Transfers ;
-------------------
Nothing to report.


---------------
; Report TCCS ;
---------------
No dedicated SERDES Transmitter circuitry present in device or used in design


---------------
; Report RSKM ;
---------------
No dedicated SERDES Receiver circuitry present in device or used in design


+------------------------------------------------+
; Unconstrained Paths                            ;
+---------------------------------+-------+------+
; Property                        ; Setup ; Hold ;
+---------------------------------+-------+------+
; Illegal Clocks                  ; 0     ; 0    ;
; Unconstrained Clocks            ; 0     ; 0    ;
; Unconstrained Input Ports       ; 8     ; 8    ;
; Unconstrained Input Port Paths  ; 48    ; 48   ;
; Unconstrained Output Ports      ; 6     ; 6    ;
; Unconstrained Output Port Paths ; 48    ; 48   ;
+---------------------------------+-------+------+


+------------------------------------+
; TimeQuest Timing Analyzer Messages ;
+------------------------------------+
Info: *******************************************************************
Info: Running Quartus II 64-Bit TimeQuest Timing Analyzer
    Info: Version 13.0.0 Build 156 04/24/2013 SJ Web Edition
    Info: Processing started: Fri Oct 25 16:53:18 2013
Info: Command: quartus_sta Aufgabe_2 -c Example
Info: qsta_default_script.tcl version: #1
Warning (20028): Parallel compilation is not licensed and has been disabled
Info (21077): Core supply voltage is 1.2V
Info (21077): Low junction temperature is 0 degrees C
Info (21077): High junction temperature is 85 degrees C
Info (332104): Reading SDC File: 'Example.sdc'
Warning (332174): Ignored filter at Example.sdc(41): clk could not be matched with a port
Warning (332049): Ignored create_clock at Example.sdc(41): Argument <targets> is an empty collection
    Info (332050): create_clock -name {BoardClock} -period 20.000 -waveform { 0.000 10.000 } [get_ports {clk}]
Info (332142): No user constrained base clocks found in the design. Calling "derive_clocks -period 1.0"
Info (332096): The command derive_clocks did not find any clocks to derive.  No clocks were created or changed.
Warning (332068): No clocks defined in design.
Info (332143): No user constrained clock uncertainty found in the design. Calling "derive_clock_uncertainty"
Info (332154): The derive_clock_uncertainty command did not apply clock uncertainty to any clock-to-clock transfers.
Info: Found TIMEQUEST_REPORT_SCRIPT_INCLUDE_DEFAULT_ANALYSIS = ON
Info (332159): No clocks to report
Info: Analyzing Slow 1200mV 85C Model
Info (332140): No fmax paths to report
Info (332140): No Setup paths to report
Info (332140): No Hold paths to report
Info (332140): No Recovery paths to report
Info (332140): No Removal paths to report
Info (332140): No Minimum Pulse Width paths to report
Info: Analyzing Slow 1200mV 0C Model
Info (334003): Started post-fitting delay annotation
Info (334004): Delay annotation completed successfully
Info (332142): No user constrained base clocks found in the design. Calling "derive_clocks -period 1.0"
Info (332096): The command derive_clocks did not find any clocks to derive.  No clocks were created or changed.
Warning (332068): No clocks defined in design.
Info (332154): The derive_clock_uncertainty command did not apply clock uncertainty to any clock-to-clock transfers.
Info (332140): No fmax paths to report
Info (332140): No Setup paths to report
Info (332140): No Hold paths to report
Info (332140): No Recovery paths to report
Info (332140): No Removal paths to report
Info (332140): No Minimum Pulse Width paths to report
Info: Analyzing Fast 1200mV 0C Model
Info (332142): No user constrained base clocks found in the design. Calling "derive_clocks -period 1.0"
Info (332096): The command derive_clocks did not find any clocks to derive.  No clocks were created or changed.
Warning (332068): No clocks defined in design.
Info (332154): The derive_clock_uncertainty command did not apply clock uncertainty to any clock-to-clock transfers.
Info (332140): No Setup paths to report
Info (332140): No Hold paths to report
Info (332140): No Recovery paths to report
Info (332140): No Removal paths to report
Info (332140): No Minimum Pulse Width paths to report
Info (332102): Design is not fully constrained for setup requirements
Info (332102): Design is not fully constrained for hold requirements
Info: Quartus II 64-Bit TimeQuest Timing Analyzer was successful. 0 errors, 6 warnings
    Info: Peak virtual memory: 550 megabytes
    Info: Processing ended: Fri Oct 25 16:53:20 2013
    Info: Elapsed time: 00:00:02
    Info: Total CPU time (on all processors): 00:00:02


