\BOOKMARK [1][-]{section.0.1}{Aufgabe 1 - Bin\344r-Dekoder}{}
\BOOKMARK [2][-]{subsection.0.1.1}{Entwurf}{section.0.1}
\BOOKMARK [2][-]{subsection.0.1.2}{Auswertung}{section.0.1}
\BOOKMARK [1][-]{section.0.2}{Aufgabe 2 - Hamming-Distanz}{}
\BOOKMARK [2][-]{subsection.0.2.1}{Entwurf}{section.0.2}
\BOOKMARK [2][-]{subsection.0.2.2}{Auswertung}{section.0.2}
\BOOKMARK [1][-]{section.0.3}{Aufgabe 3 - Modulo-n-Z\344hler}{}
\BOOKMARK [2][-]{subsection.0.3.1}{Entwurf}{section.0.3}
\BOOKMARK [2][-]{subsection.0.3.2}{Auswertung}{section.0.3}
\BOOKMARK [1][-]{section.0.4}{Aufgabe 4 - Entprell-Automat}{}
\BOOKMARK [2][-]{subsection.0.4.1}{Entwurf}{section.0.4}
\BOOKMARK [2][-]{subsection.0.4.2}{Auswertung}{section.0.4}
\BOOKMARK [1][-]{section.0.5}{Aufgabe 5 - HALLO-Anzeige}{}
\BOOKMARK [2][-]{subsection.0.5.1}{Entwurf}{section.0.5}
\BOOKMARK [2][-]{subsection.0.5.2}{Auswertung}{section.0.5}
\BOOKMARK [1][-]{section.0.6}{Aufgabe 6 - Stoppuhr}{}
\BOOKMARK [2][-]{subsection.0.6.1}{Entwurf}{section.0.6}
\BOOKMARK [2][-]{subsection.0.6.2}{Auswertung}{section.0.6}
\BOOKMARK [1][-]{section.0.7}{Anhang}{}
\BOOKMARK [2][-]{subsection.0.7.1}{01-Aufgabe Code}{section.0.7}
\BOOKMARK [2][-]{subsection.0.7.2}{02-Aufgabe Code}{section.0.7}
\BOOKMARK [2][-]{subsection.0.7.3}{03-Aufgabe Code}{section.0.7}
\BOOKMARK [2][-]{subsection.0.7.4}{04-Aufgabe Code}{section.0.7}
\BOOKMARK [2][-]{subsection.0.7.5}{05-Aufgabe Code}{section.0.7}
\BOOKMARK [2][-]{subsection.0.7.6}{06-Aufgabe Code}{section.0.7}
